<?xml version="1.0" encoding="UTF-8"?>
<!-- Generated by org.testng.reporters.JUnitXMLReporter -->
<testsuite hostname="DELL-PC" ignored="0" name="Default test" tests="11" failures="0" timestamp="2020-06-28T13:36:34 IST" time="50.844" errors="0">
  <testcase name="Login_funct" time="10.111" classname="com.selenuim.FirstLogin"/>
  <testcase name="check_if_user_book_flight" time="0.018" classname="com.selenuim.FirstLogin"/>
  <testcase name="check_Roundtrip_button" time="3.034" classname="com.selenuim.FirstLogin"/>
  <testcase name="selectPassenger_count" time="3.156" classname="com.selenuim.FirstLogin"/>
  <testcase name="set_Departure_And_Arrival_Location" time="3.235" classname="com.selenuim.FirstLogin"/>
  <testcase name="first_class_radio" time="3.096" classname="com.selenuim.FirstLogin"/>
  <testcase name="click_on_buton" time="4.123" classname="com.selenuim.FirstLogin"/>
  <testcase name="bookingFlightname" time="3.096" classname="com.selenuim.FirstLogin"/>
  <testcase name="bookingFlightname1" time="3.12" classname="com.selenuim.FirstLogin"/>
  <testcase name="registration" time="2.448" classname="com.selenuim.FirstLogin"/>
  <testcase name="credit" time="0.523" classname="com.selenuim.FirstLogin"/>
</testsuite> <!-- Default test -->
